<?xml version="1.0" encoding="UTF-8"?>
<!-- Generated by org.testng.reporters.JUnitReportReporter -->
<testsuite hostname="PPTLAP038" failures="0" tests="1" name="CRMTestng" time="11.548" errors="0" timestamp="2024-12-02T11:40:04 IST" skipped="0">
  <testcase classname="CRMTestng" name="testCRMModuleAndCreateLead" time="11.548"/>
</testsuite> <!-- CRMTestng -->
